[OVERALL], RunTime(ms), 11113
[OVERALL], Throughput(ops/sec), 8998.47026005579
[TOTAL_GCS_G1_Young_Generation], Count, 1
[TOTAL_GC_TIME_G1_Young_Generation], Time(ms), 17
[TOTAL_GC_TIME_%_G1_Young_Generation], Time(%), 0.15297399442094844
[TOTAL_GCS_G1_Old_Generation], Count, 0
[TOTAL_GC_TIME_G1_Old_Generation], Time(ms), 0
[TOTAL_GC_TIME_%_G1_Old_Generation], Time(%), 0.0
[TOTAL_GCs], Count, 1
[TOTAL_GC_TIME], Time(ms), 17
[TOTAL_GC_TIME_%], Time(%), 0.15297399442094844
[READ], Operations, 100000
[READ], AverageLatency(us), 143.19032
[READ], MinLatency(us), 4
[READ], MaxLatency(us), 34591
[READ], 95thPercentileLatency(us), 261
[READ], 99thPercentileLatency(us), 765
[READ], Return=OK, 100000
[READ-MODIFY-WRITE], Operations, 49957
[READ-MODIFY-WRITE], AverageLatency(us), 2075.7255639850273
[READ-MODIFY-WRITE], MinLatency(us), 38
[READ-MODIFY-WRITE], MaxLatency(us), 56447
[READ-MODIFY-WRITE], 95thPercentileLatency(us), 3185
[READ-MODIFY-WRITE], 99thPercentileLatency(us), 3945
[CLEANUP], Operations, 32
[CLEANUP], AverageLatency(us), 981.6875
[CLEANUP], MinLatency(us), 3
[CLEANUP], MaxLatency(us), 31263
[CLEANUP], 95thPercentileLatency(us), 10
[CLEANUP], 99thPercentileLatency(us), 31263
[UPDATE], Operations, 49957
[UPDATE], AverageLatency(us), 1906.753367896391
[UPDATE], MinLatency(us), 25
[UPDATE], MaxLatency(us), 26767
[UPDATE], 95thPercentileLatency(us), 3057
[UPDATE], 99thPercentileLatency(us), 3523
[UPDATE], Return=OK, 49957
======================
============= ByteFS report =============
  Issue count
    Block issue count:      6          = R: 0          + W: 6          
    Byte issue count:       0          = R: 0          + W: 0          
  Traffic
    Block issue traffic:    24576                = R: 0                    + W: 24576                
    Byte issue traffic:     0                    = R: 0                    + W: 0                    
  Metadata
    Block issue traffic:    1458176             
    Byte issue traffic:     0                   
    Inode traffic:          0                   
    Superblock traffic:     0                   
    Bitmap traffic:         0                   
    Journal traffic:        0                   
  Data
    Block data traffic:     689926144           
    Byte data traffic:      0                   
  Log
    Write operation:        0                   
    Read operation:         0                   
    Read partial hit:       0                   
    Read log hit:           0                   
    Direct NAND read:       0                   
    Coalescing NAND read:   0                   
    NAND write:             0                   
    Log append:             0                   
    Log flush:              0                   
  Latency
    Total read latency:     0                   
    Total write latency:    0                   
    Total program latency:  5002                
========== ByteFS rw modification distribution ==========
  2%: r    -nan%, w    -nan%     3%: r    -nan%, w    -nan%     5%: r    -nan%, w    -nan%     6%: r    -nan%, w    -nan%   
  8%: r    -nan%, w    -nan%     9%: r    -nan%, w    -nan%    11%: r    -nan%, w    -nan%    12%: r    -nan%, w    -nan%   
 14%: r    -nan%, w    -nan%    16%: r    -nan%, w    -nan%    17%: r    -nan%, w    -nan%    19%: r    -nan%, w    -nan%   
 20%: r    -nan%, w    -nan%    22%: r    -nan%, w    -nan%    23%: r    -nan%, w    -nan%    25%: r    -nan%, w    -nan%   
 27%: r    -nan%, w    -nan%    28%: r    -nan%, w    -nan%    30%: r    -nan%, w    -nan%    31%: r    -nan%, w    -nan%   
 33%: r    -nan%, w    -nan%    34%: r    -nan%, w    -nan%    36%: r    -nan%, w    -nan%    38%: r    -nan%, w    -nan%   
 39%: r    -nan%, w    -nan%    41%: r    -nan%, w    -nan%    42%: r    -nan%, w    -nan%    44%: r    -nan%, w    -nan%   
 45%: r    -nan%, w    -nan%    47%: r    -nan%, w    -nan%    48%: r    -nan%, w    -nan%    50%: r    -nan%, w    -nan%   
 52%: r    -nan%, w    -nan%    53%: r    -nan%, w    -nan%    55%: r    -nan%, w    -nan%    56%: r    -nan%, w    -nan%   
 58%: r    -nan%, w    -nan%    59%: r    -nan%, w    -nan%    61%: r    -nan%, w    -nan%    62%: r    -nan%, w    -nan%   
 64%: r    -nan%, w    -nan%    66%: r    -nan%, w    -nan%    67%: r    -nan%, w    -nan%    69%: r    -nan%, w    -nan%   
 70%: r    -nan%, w    -nan%    72%: r    -nan%, w    -nan%    73%: r    -nan%, w    -nan%    75%: r    -nan%, w    -nan%   
 77%: r    -nan%, w    -nan%    78%: r    -nan%, w    -nan%    80%: r    -nan%, w    -nan%    81%: r    -nan%, w    -nan%   
 83%: r    -nan%, w    -nan%    84%: r    -nan%, w    -nan%    86%: r    -nan%, w    -nan%    88%: r    -nan%, w    -nan%   
 89%: r    -nan%, w    -nan%    91%: r    -nan%, w    -nan%    92%: r    -nan%, w    -nan%    94%: r    -nan%, w    -nan%   
 95%: r    -nan%, w    -nan%    97%: r    -nan%, w    -nan%    98%: r    -nan%, w    -nan%   100%: r    -nan%, w    -nan%   
